This file contains any messages produced by compilers while
running configure, to aid debugging if configure makes a mistake.

It was created by chrono configure 0.3.0, which was
generated by GNU Autoconf 2.71.  Invocation command line was

  $ ./configure --prefix=/opt --enable-ncurses --enable-x11 --no-create --no-recursion

## --------- ##
## Platform. ##
## --------- ##

hostname = BSFC-LT04
uname -m = x86_64
uname -r = 5.12.19-bsfc50
uname -s = Linux
uname -v = #1 SMP PREEMPT Mon Aug 23 18:20:10 EDT 2021

/usr/bin/uname -p = x86_64
/bin/uname -X     = unknown

/bin/arch              = unknown
/usr/bin/arch -k       = unknown
/usr/convex/getsysinfo = unknown
/usr/bin/hostinfo      = unknown
/bin/machine           = unknown
/usr/bin/oslevel       = unknown
/bin/universe          = unknown

PATH: /abin/
PATH: /opt/bin/
PATH: /opt/sbin/
PATH: /usr/local/sbin/
PATH: /sbin/
PATH: /bin/
PATH: /usr/sbin/
PATH: /usr/bin/
PATH: /usr/local/bin/
PATH: /usr/X11/bin/
PATH: /usr/local/games/
PATH: /usr/games/
PATH: /home/bsfc/.local/bin/


## ----------- ##
## Core tests. ##
## ----------- ##

configure:2291: looking for aux files: compile missing install-sh
configure:2304:  trying ./
configure:2333:   ./compile found
configure:2333:   ./missing found
configure:2315:   ./install-sh found
configure:2463: checking for a BSD-compatible install
configure:2536: result: /usr/bin/install -c
configure:2547: checking whether build environment is sane
configure:2602: result: yes
configure:2761: checking for a race-free mkdir -p
configure:2805: result: /usr/bin/mkdir -p
configure:2812: checking for gawk
configure:2833: found /usr/bin/gawk
configure:2844: result: gawk
configure:2855: checking whether make sets $(MAKE)
configure:2878: result: yes
configure:2908: checking whether make supports nested variables
configure:2926: result: yes
configure:3115: checking for gcc
configure:3136: found /usr/bin/gcc
configure:3147: result: gcc
configure:3500: checking for C compiler version
configure:3509: gcc --version >&5
gcc (GCC) 10.2.0
Copyright (C) 2020 Free Software Foundation, Inc.
This is free software; see the source for copying conditions.  There is NO
warranty; not even for MERCHANTABILITY or FITNESS FOR A PARTICULAR PURPOSE.

configure:3520: $? = 0
configure:3509: gcc -v >&5
Using built-in specs.
COLLECT_GCC=gcc
COLLECT_LTO_WRAPPER=/usr/libexec/gcc/x86_64-pc-linux-gnu/10.2.0/lto-wrapper
Target: x86_64-pc-linux-gnu
Configured with: ../configure --without-isl --build=x86_64-pc-linux-gnu --host=x86_64-pc-linux-gnu --prefix=/usr --libdir=/usr/lib --infodir=/usr/share/info --mandir=/usr/share/man --enable-languages=c++ --enable-gnu-unique-object --enable-ckecking=release --enable-target-optspace --enable-linker-build-id --enable-threads=posix --enable-__cxa_atexit --enable-clocale=gnu --enable-shared --enable-libmpx --enable-plugin --enable-lto --with-gnu-ld --with-system-zlib --disable-nls --disable-werror --disable-libssp --disable-multilib --disable-libstdcxx-pch --disable-libunwind-exceptions
Thread model: posix
Supported LTO compression algorithms: zlib zstd
gcc version 10.2.0 (GCC) 
configure:3520: $? = 0
configure:3509: gcc -V >&5
gcc: error: unrecognized command-line option '-V'
gcc: fatal error: no input files
compilation terminated.
configure:3520: $? = 1
configure:3509: gcc -qversion >&5
gcc: error: unrecognized command-line option '-qversion'; did you mean '--version'?
gcc: fatal error: no input files
compilation terminated.
configure:3520: $? = 1
configure:3509: gcc -version >&5
gcc: error: unrecognized command-line option '-version'
gcc: fatal error: no input files
compilation terminated.
configure:3520: $? = 1
configure:3540: checking whether the C compiler works
configure:3562: gcc -O2 -I/usr/include/gtk-3.0 -I/usr/include/glib-2.0 -I/usr/lib/glib-2.0/include/ -I/usr/include/pango-1.0 -I/usr/include/harfbuzz -I/usr/include/cairo -I/usr/include/gdk-pixbuf-2.0 -I/usr/include/atk-1.0   conftest.c  >&5
configure:3566: $? = 0
configure:3616: result: yes
configure:3619: checking for C compiler default output file name
configure:3621: result: a.out
configure:3627: checking for suffix of executables
configure:3634: gcc -o conftest -O2 -I/usr/include/gtk-3.0 -I/usr/include/glib-2.0 -I/usr/lib/glib-2.0/include/ -I/usr/include/pango-1.0 -I/usr/include/harfbuzz -I/usr/include/cairo -I/usr/include/gdk-pixbuf-2.0 -I/usr/include/atk-1.0   conftest.c  >&5
configure:3638: $? = 0
configure:3661: result: 
configure:3683: checking whether we are cross compiling
configure:3691: gcc -o conftest -O2 -I/usr/include/gtk-3.0 -I/usr/include/glib-2.0 -I/usr/lib/glib-2.0/include/ -I/usr/include/pango-1.0 -I/usr/include/harfbuzz -I/usr/include/cairo -I/usr/include/gdk-pixbuf-2.0 -I/usr/include/atk-1.0   conftest.c  >&5
configure:3695: $? = 0
configure:3702: ./conftest
configure:3706: $? = 0
configure:3721: result: no
configure:3726: checking for suffix of object files
configure:3749: gcc -c -O2 -I/usr/include/gtk-3.0 -I/usr/include/glib-2.0 -I/usr/lib/glib-2.0/include/ -I/usr/include/pango-1.0 -I/usr/include/harfbuzz -I/usr/include/cairo -I/usr/include/gdk-pixbuf-2.0 -I/usr/include/atk-1.0  conftest.c >&5
configure:3753: $? = 0
configure:3775: result: o
configure:3779: checking whether the compiler supports GNU C
configure:3799: gcc -c -O2 -I/usr/include/gtk-3.0 -I/usr/include/glib-2.0 -I/usr/lib/glib-2.0/include/ -I/usr/include/pango-1.0 -I/usr/include/harfbuzz -I/usr/include/cairo -I/usr/include/gdk-pixbuf-2.0 -I/usr/include/atk-1.0  conftest.c >&5
configure:3799: $? = 0
configure:3809: result: yes
configure:3820: checking whether gcc accepts -g
configure:3841: gcc -c -g  conftest.c >&5
configure:3841: $? = 0
configure:3885: result: yes
configure:3905: checking for gcc option to enable C11 features
configure:3920: gcc  -c -O2 -I/usr/include/gtk-3.0 -I/usr/include/glib-2.0 -I/usr/lib/glib-2.0/include/ -I/usr/include/pango-1.0 -I/usr/include/harfbuzz -I/usr/include/cairo -I/usr/include/gdk-pixbuf-2.0 -I/usr/include/atk-1.0  conftest.c >&5
configure:3920: $? = 0
configure:3938: result: none needed
configure:4054: checking whether gcc understands -c and -o together
configure:4077: gcc -c conftest.c -o conftest2.o
configure:4080: $? = 0
configure:4077: gcc -c conftest.c -o conftest2.o
configure:4080: $? = 0
configure:4092: result: yes
configure:4112: checking whether make supports the include directive
configure:4127: make -f confmf.GNU && cat confinc.out
make[1]: Entering directory '/home/bsfc/github/chrono-gtk'
make[1]: Leaving directory '/home/bsfc/github/chrono-gtk'
this is the am__doit target
configure:4130: $? = 0
configure:4149: result: yes (GNU style)
configure:4175: checking dependency style of gcc
configure:4287: result: gcc3
configure:4307: checking for stdio.h
configure:4307: gcc -c -O2 -I/usr/include/gtk-3.0 -I/usr/include/glib-2.0 -I/usr/lib/glib-2.0/include/ -I/usr/include/pango-1.0 -I/usr/include/harfbuzz -I/usr/include/cairo -I/usr/include/gdk-pixbuf-2.0 -I/usr/include/atk-1.0  conftest.c >&5
configure:4307: $? = 0
configure:4307: result: yes
configure:4307: checking for stdlib.h
configure:4307: gcc -c -O2 -I/usr/include/gtk-3.0 -I/usr/include/glib-2.0 -I/usr/lib/glib-2.0/include/ -I/usr/include/pango-1.0 -I/usr/include/harfbuzz -I/usr/include/cairo -I/usr/include/gdk-pixbuf-2.0 -I/usr/include/atk-1.0  conftest.c >&5
configure:4307: $? = 0
configure:4307: result: yes
configure:4307: checking for string.h
configure:4307: gcc -c -O2 -I/usr/include/gtk-3.0 -I/usr/include/glib-2.0 -I/usr/lib/glib-2.0/include/ -I/usr/include/pango-1.0 -I/usr/include/harfbuzz -I/usr/include/cairo -I/usr/include/gdk-pixbuf-2.0 -I/usr/include/atk-1.0  conftest.c >&5
configure:4307: $? = 0
configure:4307: result: yes
configure:4307: checking for inttypes.h
configure:4307: gcc -c -O2 -I/usr/include/gtk-3.0 -I/usr/include/glib-2.0 -I/usr/lib/glib-2.0/include/ -I/usr/include/pango-1.0 -I/usr/include/harfbuzz -I/usr/include/cairo -I/usr/include/gdk-pixbuf-2.0 -I/usr/include/atk-1.0  conftest.c >&5
configure:4307: $? = 0
configure:4307: result: yes
configure:4307: checking for stdint.h
configure:4307: gcc -c -O2 -I/usr/include/gtk-3.0 -I/usr/include/glib-2.0 -I/usr/lib/glib-2.0/include/ -I/usr/include/pango-1.0 -I/usr/include/harfbuzz -I/usr/include/cairo -I/usr/include/gdk-pixbuf-2.0 -I/usr/include/atk-1.0  conftest.c >&5
configure:4307: $? = 0
configure:4307: result: yes
configure:4307: checking for strings.h
configure:4307: gcc -c -O2 -I/usr/include/gtk-3.0 -I/usr/include/glib-2.0 -I/usr/lib/glib-2.0/include/ -I/usr/include/pango-1.0 -I/usr/include/harfbuzz -I/usr/include/cairo -I/usr/include/gdk-pixbuf-2.0 -I/usr/include/atk-1.0  conftest.c >&5
configure:4307: $? = 0
configure:4307: result: yes
configure:4307: checking for sys/stat.h
configure:4307: gcc -c -O2 -I/usr/include/gtk-3.0 -I/usr/include/glib-2.0 -I/usr/lib/glib-2.0/include/ -I/usr/include/pango-1.0 -I/usr/include/harfbuzz -I/usr/include/cairo -I/usr/include/gdk-pixbuf-2.0 -I/usr/include/atk-1.0  conftest.c >&5
configure:4307: $? = 0
configure:4307: result: yes
configure:4307: checking for sys/types.h
configure:4307: gcc -c -O2 -I/usr/include/gtk-3.0 -I/usr/include/glib-2.0 -I/usr/lib/glib-2.0/include/ -I/usr/include/pango-1.0 -I/usr/include/harfbuzz -I/usr/include/cairo -I/usr/include/gdk-pixbuf-2.0 -I/usr/include/atk-1.0  conftest.c >&5
configure:4307: $? = 0
configure:4307: result: yes
configure:4307: checking for unistd.h
configure:4307: gcc -c -O2 -I/usr/include/gtk-3.0 -I/usr/include/glib-2.0 -I/usr/lib/glib-2.0/include/ -I/usr/include/pango-1.0 -I/usr/include/harfbuzz -I/usr/include/cairo -I/usr/include/gdk-pixbuf-2.0 -I/usr/include/atk-1.0  conftest.c >&5
configure:4307: $? = 0
configure:4307: result: yes
configure:4307: checking for sys/time.h
configure:4307: gcc -c -O2 -I/usr/include/gtk-3.0 -I/usr/include/glib-2.0 -I/usr/lib/glib-2.0/include/ -I/usr/include/pango-1.0 -I/usr/include/harfbuzz -I/usr/include/cairo -I/usr/include/gdk-pixbuf-2.0 -I/usr/include/atk-1.0  conftest.c >&5
configure:4307: $? = 0
configure:4307: result: yes
configure:4332: checking for grep that handles long lines and -e
configure:4396: result: /bin/grep
configure:4404: checking for egrep
configure:4472: result: /bin/grep -E
configure:4488: checking for stdio.h
configure:4488: result: yes
configure:4496: checking for atoi
configure:4496: gcc -o conftest -O2 -I/usr/include/gtk-3.0 -I/usr/include/glib-2.0 -I/usr/lib/glib-2.0/include/ -I/usr/include/pango-1.0 -I/usr/include/harfbuzz -I/usr/include/cairo -I/usr/include/gdk-pixbuf-2.0 -I/usr/include/atk-1.0   conftest.c  -lc -lpthread >&5
configure:4496: $? = 0
configure:4496: result: yes
configure:4502: checking for gettimeofday
configure:4502: gcc -o conftest -O2 -I/usr/include/gtk-3.0 -I/usr/include/glib-2.0 -I/usr/lib/glib-2.0/include/ -I/usr/include/pango-1.0 -I/usr/include/harfbuzz -I/usr/include/cairo -I/usr/include/gdk-pixbuf-2.0 -I/usr/include/atk-1.0   conftest.c  -lc -lpthread >&5
configure:4502: $? = 0
configure:4502: result: yes
configure:4509: checking for getopt_long
configure:4509: gcc -o conftest -O2 -I/usr/include/gtk-3.0 -I/usr/include/glib-2.0 -I/usr/lib/glib-2.0/include/ -I/usr/include/pango-1.0 -I/usr/include/harfbuzz -I/usr/include/cairo -I/usr/include/gdk-pixbuf-2.0 -I/usr/include/atk-1.0   conftest.c  -lc -lpthread >&5
configure:4509: $? = 0
configure:4509: result: yes
configure:4515: checking for gmtime
configure:4515: gcc -o conftest -O2 -I/usr/include/gtk-3.0 -I/usr/include/glib-2.0 -I/usr/lib/glib-2.0/include/ -I/usr/include/pango-1.0 -I/usr/include/harfbuzz -I/usr/include/cairo -I/usr/include/gdk-pixbuf-2.0 -I/usr/include/atk-1.0   conftest.c  -lc -lpthread >&5
configure:4515: $? = 0
configure:4515: result: yes
configure:4521: checking for timeradd
configure:4521: gcc -o conftest -O2 -I/usr/include/gtk-3.0 -I/usr/include/glib-2.0 -I/usr/lib/glib-2.0/include/ -I/usr/include/pango-1.0 -I/usr/include/harfbuzz -I/usr/include/cairo -I/usr/include/gdk-pixbuf-2.0 -I/usr/include/atk-1.0   conftest.c  -lc -lpthread >&5
/usr/bin/ld: /tmp/ccF3yctK.o: in function `main':
conftest.c:(.text.startup+0x7): undefined reference to `timeradd'
collect2: error: ld returned 1 exit status
configure:4521: $? = 1
configure: failed program was:
| /* confdefs.h */
| #define PACKAGE_NAME "chrono"
| #define PACKAGE_TARNAME "chrono"
| #define PACKAGE_VERSION "0.3.0"
| #define PACKAGE_STRING "chrono 0.3.0"
| #define PACKAGE_BUGREPORT "bsfc1685@gmail.com"
| #define PACKAGE_URL ""
| #define PACKAGE "chrono"
| #define VERSION "0.3.0"
| #define HAVE_STDIO_H 1
| #define HAVE_STDLIB_H 1
| #define HAVE_STRING_H 1
| #define HAVE_INTTYPES_H 1
| #define HAVE_STDINT_H 1
| #define HAVE_STRINGS_H 1
| #define HAVE_SYS_STAT_H 1
| #define HAVE_SYS_TYPES_H 1
| #define HAVE_UNISTD_H 1
| #define HAVE_SYS_TIME_H 1
| #define STDC_HEADERS 1
| #define TIME_WITH_SYS_TIME 1
| #define HAVE_STDIO_H 1
| #define HAVE_ATOI 1
| #define HAVE_GETTIMEOFDAY 1
| #define HAVE_GETOPT_LONG 1
| #define HAVE_GMTIME 1
| /* end confdefs.h.  */
| /* Define timeradd to an innocuous variant, in case <limits.h> declares timeradd.
|    For example, HP-UX 11i <limits.h> declares gettimeofday.  */
| #define timeradd innocuous_timeradd
| 
| /* System header to define __stub macros and hopefully few prototypes,
|    which can conflict with char timeradd (); below.  */
| 
| #include <limits.h>
| #undef timeradd
| 
| /* Override any GCC internal prototype to avoid an error.
|    Use char because int might match the return type of a GCC
|    builtin and then its argument prototype would still apply.  */
| #ifdef __cplusplus
| extern "C"
| #endif
| char timeradd ();
| /* The GNU C library defines this for functions which it implements
|     to always fail with ENOSYS.  Some functions are actually named
|     something starting with __ and the normal name is an alias.  */
| #if defined __stub_timeradd || defined __stub___timeradd
| choke me
| #endif
| 
| int
| main (void)
| {
| return timeradd ();
|   ;
|   return 0;
| }
configure:4521: result: no
configure:4527: checking for timersub
configure:4527: gcc -o conftest -O2 -I/usr/include/gtk-3.0 -I/usr/include/glib-2.0 -I/usr/lib/glib-2.0/include/ -I/usr/include/pango-1.0 -I/usr/include/harfbuzz -I/usr/include/cairo -I/usr/include/gdk-pixbuf-2.0 -I/usr/include/atk-1.0   conftest.c  -lc -lpthread >&5
/usr/bin/ld: /tmp/ccBIDvHP.o: in function `main':
conftest.c:(.text.startup+0x7): undefined reference to `timersub'
collect2: error: ld returned 1 exit status
configure:4527: $? = 1
configure: failed program was:
| /* confdefs.h */
| #define PACKAGE_NAME "chrono"
| #define PACKAGE_TARNAME "chrono"
| #define PACKAGE_VERSION "0.3.0"
| #define PACKAGE_STRING "chrono 0.3.0"
| #define PACKAGE_BUGREPORT "bsfc1685@gmail.com"
| #define PACKAGE_URL ""
| #define PACKAGE "chrono"
| #define VERSION "0.3.0"
| #define HAVE_STDIO_H 1
| #define HAVE_STDLIB_H 1
| #define HAVE_STRING_H 1
| #define HAVE_INTTYPES_H 1
| #define HAVE_STDINT_H 1
| #define HAVE_STRINGS_H 1
| #define HAVE_SYS_STAT_H 1
| #define HAVE_SYS_TYPES_H 1
| #define HAVE_UNISTD_H 1
| #define HAVE_SYS_TIME_H 1
| #define STDC_HEADERS 1
| #define TIME_WITH_SYS_TIME 1
| #define HAVE_STDIO_H 1
| #define HAVE_ATOI 1
| #define HAVE_GETTIMEOFDAY 1
| #define HAVE_GETOPT_LONG 1
| #define HAVE_GMTIME 1
| /* end confdefs.h.  */
| /* Define timersub to an innocuous variant, in case <limits.h> declares timersub.
|    For example, HP-UX 11i <limits.h> declares gettimeofday.  */
| #define timersub innocuous_timersub
| 
| /* System header to define __stub macros and hopefully few prototypes,
|    which can conflict with char timersub (); below.  */
| 
| #include <limits.h>
| #undef timersub
| 
| /* Override any GCC internal prototype to avoid an error.
|    Use char because int might match the return type of a GCC
|    builtin and then its argument prototype would still apply.  */
| #ifdef __cplusplus
| extern "C"
| #endif
| char timersub ();
| /* The GNU C library defines this for functions which it implements
|     to always fail with ENOSYS.  Some functions are actually named
|     something starting with __ and the normal name is an alias.  */
| #if defined __stub_timersub || defined __stub___timersub
| choke me
| #endif
| 
| int
| main (void)
| {
| return timersub ();
|   ;
|   return 0;
| }
configure:4527: result: no
configure:4533: checking for pthread_create
configure:4533: gcc -o conftest -O2 -I/usr/include/gtk-3.0 -I/usr/include/glib-2.0 -I/usr/lib/glib-2.0/include/ -I/usr/include/pango-1.0 -I/usr/include/harfbuzz -I/usr/include/cairo -I/usr/include/gdk-pixbuf-2.0 -I/usr/include/atk-1.0   conftest.c  -lc -lpthread >&5
configure:4533: $? = 0
configure:4533: result: yes
configure:4539: checking for usleep
configure:4539: gcc -o conftest -O2 -I/usr/include/gtk-3.0 -I/usr/include/glib-2.0 -I/usr/lib/glib-2.0/include/ -I/usr/include/pango-1.0 -I/usr/include/harfbuzz -I/usr/include/cairo -I/usr/include/gdk-pixbuf-2.0 -I/usr/include/atk-1.0   conftest.c  -lc -lpthread >&5
configure:4539: $? = 0
configure:4539: result: yes
configure:4546: checking for assert.h
configure:4546: gcc -c -O2 -I/usr/include/gtk-3.0 -I/usr/include/glib-2.0 -I/usr/lib/glib-2.0/include/ -I/usr/include/pango-1.0 -I/usr/include/harfbuzz -I/usr/include/cairo -I/usr/include/gdk-pixbuf-2.0 -I/usr/include/atk-1.0  conftest.c >&5
configure:4546: $? = 0
configure:4546: result: yes
configure:4552: checking for assert
configure:4552: gcc -o conftest -O2 -I/usr/include/gtk-3.0 -I/usr/include/glib-2.0 -I/usr/lib/glib-2.0/include/ -I/usr/include/pango-1.0 -I/usr/include/harfbuzz -I/usr/include/cairo -I/usr/include/gdk-pixbuf-2.0 -I/usr/include/atk-1.0   conftest.c  -lc -lpthread >&5
/usr/bin/ld: /tmp/ccaHtNNe.o: in function `main':
conftest.c:(.text.startup+0x7): undefined reference to `assert'
collect2: error: ld returned 1 exit status
configure:4552: $? = 1
configure: failed program was:
| /* confdefs.h */
| #define PACKAGE_NAME "chrono"
| #define PACKAGE_TARNAME "chrono"
| #define PACKAGE_VERSION "0.3.0"
| #define PACKAGE_STRING "chrono 0.3.0"
| #define PACKAGE_BUGREPORT "bsfc1685@gmail.com"
| #define PACKAGE_URL ""
| #define PACKAGE "chrono"
| #define VERSION "0.3.0"
| #define HAVE_STDIO_H 1
| #define HAVE_STDLIB_H 1
| #define HAVE_STRING_H 1
| #define HAVE_INTTYPES_H 1
| #define HAVE_STDINT_H 1
| #define HAVE_STRINGS_H 1
| #define HAVE_SYS_STAT_H 1
| #define HAVE_SYS_TYPES_H 1
| #define HAVE_UNISTD_H 1
| #define HAVE_SYS_TIME_H 1
| #define STDC_HEADERS 1
| #define TIME_WITH_SYS_TIME 1
| #define HAVE_STDIO_H 1
| #define HAVE_ATOI 1
| #define HAVE_GETTIMEOFDAY 1
| #define HAVE_GETOPT_LONG 1
| #define HAVE_GMTIME 1
| #define HAVE_PTHREAD_CREATE 1
| #define HAVE_USLEEP 1
| /* end confdefs.h.  */
| /* Define assert to an innocuous variant, in case <limits.h> declares assert.
|    For example, HP-UX 11i <limits.h> declares gettimeofday.  */
| #define assert innocuous_assert
| 
| /* System header to define __stub macros and hopefully few prototypes,
|    which can conflict with char assert (); below.  */
| 
| #include <limits.h>
| #undef assert
| 
| /* Override any GCC internal prototype to avoid an error.
|    Use char because int might match the return type of a GCC
|    builtin and then its argument prototype would still apply.  */
| #ifdef __cplusplus
| extern "C"
| #endif
| char assert ();
| /* The GNU C library defines this for functions which it implements
|     to always fail with ENOSYS.  Some functions are actually named
|     something starting with __ and the normal name is an alias.  */
| #if defined __stub_assert || defined __stub___assert
| choke me
| #endif
| 
| int
| main (void)
| {
| return assert ();
|   ;
|   return 0;
| }
configure:4552: result: no
configure:4568: checking whether to use ncurses
configure:4571: result: yes
configure:4576: checking for ncursesw/ncurses.h
configure:4576: gcc -c -O2 -I/usr/include/gtk-3.0 -I/usr/include/glib-2.0 -I/usr/lib/glib-2.0/include/ -I/usr/include/pango-1.0 -I/usr/include/harfbuzz -I/usr/include/cairo -I/usr/include/gdk-pixbuf-2.0 -I/usr/include/atk-1.0  conftest.c >&5
configure:4576: $? = 0
configure:4576: result: yes
configure:4586: checking for getch
configure:4586: gcc -o conftest -O2 -I/usr/include/gtk-3.0 -I/usr/include/glib-2.0 -I/usr/lib/glib-2.0/include/ -I/usr/include/pango-1.0 -I/usr/include/harfbuzz -I/usr/include/cairo -I/usr/include/gdk-pixbuf-2.0 -I/usr/include/atk-1.0   conftest.c  -lc -lpthread -lncurses >&5
configure:4586: $? = 0
configure:4586: result: yes
configure:4592: checking for initscr
configure:4592: gcc -o conftest -O2 -I/usr/include/gtk-3.0 -I/usr/include/glib-2.0 -I/usr/lib/glib-2.0/include/ -I/usr/include/pango-1.0 -I/usr/include/harfbuzz -I/usr/include/cairo -I/usr/include/gdk-pixbuf-2.0 -I/usr/include/atk-1.0   conftest.c  -lc -lpthread -lncurses >&5
configure:4592: $? = 0
configure:4592: result: yes
configure:4598: checking for endwin
configure:4598: gcc -o conftest -O2 -I/usr/include/gtk-3.0 -I/usr/include/glib-2.0 -I/usr/lib/glib-2.0/include/ -I/usr/include/pango-1.0 -I/usr/include/harfbuzz -I/usr/include/cairo -I/usr/include/gdk-pixbuf-2.0 -I/usr/include/atk-1.0   conftest.c  -lc -lpthread -lncurses >&5
configure:4598: $? = 0
configure:4598: result: yes
configure:4604: checking for printw
configure:4604: gcc -o conftest -O2 -I/usr/include/gtk-3.0 -I/usr/include/glib-2.0 -I/usr/lib/glib-2.0/include/ -I/usr/include/pango-1.0 -I/usr/include/harfbuzz -I/usr/include/cairo -I/usr/include/gdk-pixbuf-2.0 -I/usr/include/atk-1.0   conftest.c  -lc -lpthread -lncurses >&5
configure:4604: $? = 0
configure:4604: result: yes
configure:4610: checking for refresh
configure:4610: gcc -o conftest -O2 -I/usr/include/gtk-3.0 -I/usr/include/glib-2.0 -I/usr/lib/glib-2.0/include/ -I/usr/include/pango-1.0 -I/usr/include/harfbuzz -I/usr/include/cairo -I/usr/include/gdk-pixbuf-2.0 -I/usr/include/atk-1.0   conftest.c  -lc -lpthread -lncurses >&5
configure:4610: $? = 0
configure:4610: result: yes
configure:4644: checking whether to use X11
configure:4647: result: yes
configure:4653: checking for X11/Xlib.h
configure:4653: gcc -c -O2 -I/usr/include/gtk-3.0 -I/usr/include/glib-2.0 -I/usr/lib/glib-2.0/include/ -I/usr/include/pango-1.0 -I/usr/include/harfbuzz -I/usr/include/cairo -I/usr/include/gdk-pixbuf-2.0 -I/usr/include/atk-1.0  conftest.c >&5
configure:4653: $? = 0
configure:4653: result: yes
configure:4653: checking for X11/Xatom.h
configure:4653: gcc -c -O2 -I/usr/include/gtk-3.0 -I/usr/include/glib-2.0 -I/usr/lib/glib-2.0/include/ -I/usr/include/pango-1.0 -I/usr/include/harfbuzz -I/usr/include/cairo -I/usr/include/gdk-pixbuf-2.0 -I/usr/include/atk-1.0  conftest.c >&5
configure:4653: $? = 0
configure:4653: result: yes
configure:4653: checking for X11/Xutil.h
configure:4653: gcc -c -O2 -I/usr/include/gtk-3.0 -I/usr/include/glib-2.0 -I/usr/lib/glib-2.0/include/ -I/usr/include/pango-1.0 -I/usr/include/harfbuzz -I/usr/include/cairo -I/usr/include/gdk-pixbuf-2.0 -I/usr/include/atk-1.0  conftest.c >&5
configure:4653: $? = 0
configure:4653: result: yes
configure:4665: checking for XOpenDisplay
configure:4665: gcc -o conftest -O2 -I/usr/include/gtk-3.0 -I/usr/include/glib-2.0 -I/usr/lib/glib-2.0/include/ -I/usr/include/pango-1.0 -I/usr/include/harfbuzz -I/usr/include/cairo -I/usr/include/gdk-pixbuf-2.0 -I/usr/include/atk-1.0   conftest.c  -lc -lpthread -lncurses -lX11 -lXext >&5
configure:4665: $? = 0
configure:4665: result: yes
configure:4671: checking for XPending
configure:4671: gcc -o conftest -O2 -I/usr/include/gtk-3.0 -I/usr/include/glib-2.0 -I/usr/lib/glib-2.0/include/ -I/usr/include/pango-1.0 -I/usr/include/harfbuzz -I/usr/include/cairo -I/usr/include/gdk-pixbuf-2.0 -I/usr/include/atk-1.0   conftest.c  -lc -lpthread -lncurses -lX11 -lXext >&5
configure:4671: $? = 0
configure:4671: result: yes
configure:4677: checking for XNextEvent
configure:4677: gcc -o conftest -O2 -I/usr/include/gtk-3.0 -I/usr/include/glib-2.0 -I/usr/lib/glib-2.0/include/ -I/usr/include/pango-1.0 -I/usr/include/harfbuzz -I/usr/include/cairo -I/usr/include/gdk-pixbuf-2.0 -I/usr/include/atk-1.0   conftest.c  -lc -lpthread -lncurses -lX11 -lXext >&5
configure:4677: $? = 0
configure:4677: result: yes
configure:4683: checking for XSetErrorHandler
configure:4683: gcc -o conftest -O2 -I/usr/include/gtk-3.0 -I/usr/include/glib-2.0 -I/usr/lib/glib-2.0/include/ -I/usr/include/pango-1.0 -I/usr/include/harfbuzz -I/usr/include/cairo -I/usr/include/gdk-pixbuf-2.0 -I/usr/include/atk-1.0   conftest.c  -lc -lpthread -lncurses -lX11 -lXext >&5
configure:4683: $? = 0
configure:4683: result: yes
configure:4689: checking for XCreateWindow
configure:4689: gcc -o conftest -O2 -I/usr/include/gtk-3.0 -I/usr/include/glib-2.0 -I/usr/lib/glib-2.0/include/ -I/usr/include/pango-1.0 -I/usr/include/harfbuzz -I/usr/include/cairo -I/usr/include/gdk-pixbuf-2.0 -I/usr/include/atk-1.0   conftest.c  -lc -lpthread -lncurses -lX11 -lXext >&5
configure:4689: $? = 0
configure:4689: result: yes
configure:4696: checking for XSetWMNormalHints
configure:4696: gcc -o conftest -O2 -I/usr/include/gtk-3.0 -I/usr/include/glib-2.0 -I/usr/lib/glib-2.0/include/ -I/usr/include/pango-1.0 -I/usr/include/harfbuzz -I/usr/include/cairo -I/usr/include/gdk-pixbuf-2.0 -I/usr/include/atk-1.0   conftest.c  -lc -lpthread -lncurses -lX11 -lXext >&5
configure:4696: $? = 0
configure:4696: result: yes
configure:4702: checking for XSetWMHints
configure:4702: gcc -o conftest -O2 -I/usr/include/gtk-3.0 -I/usr/include/glib-2.0 -I/usr/lib/glib-2.0/include/ -I/usr/include/pango-1.0 -I/usr/include/harfbuzz -I/usr/include/cairo -I/usr/include/gdk-pixbuf-2.0 -I/usr/include/atk-1.0   conftest.c  -lc -lpthread -lncurses -lX11 -lXext >&5
configure:4702: $? = 0
configure:4702: result: yes
configure:4708: checking for XSetWMName
configure:4708: gcc -o conftest -O2 -I/usr/include/gtk-3.0 -I/usr/include/glib-2.0 -I/usr/lib/glib-2.0/include/ -I/usr/include/pango-1.0 -I/usr/include/harfbuzz -I/usr/include/cairo -I/usr/include/gdk-pixbuf-2.0 -I/usr/include/atk-1.0   conftest.c  -lc -lpthread -lncurses -lX11 -lXext >&5
configure:4708: $? = 0
configure:4708: result: yes
configure:4714: checking for XStringListToTextProperty
configure:4714: gcc -o conftest -O2 -I/usr/include/gtk-3.0 -I/usr/include/glib-2.0 -I/usr/lib/glib-2.0/include/ -I/usr/include/pango-1.0 -I/usr/include/harfbuzz -I/usr/include/cairo -I/usr/include/gdk-pixbuf-2.0 -I/usr/include/atk-1.0   conftest.c  -lc -lpthread -lncurses -lX11 -lXext >&5
configure:4714: $? = 0
configure:4714: result: yes
configure:4721: checking for XSetWMIconName
configure:4721: gcc -o conftest -O2 -I/usr/include/gtk-3.0 -I/usr/include/glib-2.0 -I/usr/lib/glib-2.0/include/ -I/usr/include/pango-1.0 -I/usr/include/harfbuzz -I/usr/include/cairo -I/usr/include/gdk-pixbuf-2.0 -I/usr/include/atk-1.0   conftest.c  -lc -lpthread -lncurses -lX11 -lXext >&5
configure:4721: $? = 0
configure:4721: result: yes
configure:4727: checking for XLoadQueryFont
configure:4727: gcc -o conftest -O2 -I/usr/include/gtk-3.0 -I/usr/include/glib-2.0 -I/usr/lib/glib-2.0/include/ -I/usr/include/pango-1.0 -I/usr/include/harfbuzz -I/usr/include/cairo -I/usr/include/gdk-pixbuf-2.0 -I/usr/include/atk-1.0   conftest.c  -lc -lpthread -lncurses -lX11 -lXext >&5
configure:4727: $? = 0
configure:4727: result: yes
configure:4733: checking for XCreateGC
configure:4733: gcc -o conftest -O2 -I/usr/include/gtk-3.0 -I/usr/include/glib-2.0 -I/usr/lib/glib-2.0/include/ -I/usr/include/pango-1.0 -I/usr/include/harfbuzz -I/usr/include/cairo -I/usr/include/gdk-pixbuf-2.0 -I/usr/include/atk-1.0   conftest.c  -lc -lpthread -lncurses -lX11 -lXext >&5
configure:4733: $? = 0
configure:4733: result: yes
configure:4739: checking for XMapWindow
configure:4739: gcc -o conftest -O2 -I/usr/include/gtk-3.0 -I/usr/include/glib-2.0 -I/usr/lib/glib-2.0/include/ -I/usr/include/pango-1.0 -I/usr/include/harfbuzz -I/usr/include/cairo -I/usr/include/gdk-pixbuf-2.0 -I/usr/include/atk-1.0   conftest.c  -lc -lpthread -lncurses -lX11 -lXext >&5
configure:4739: $? = 0
configure:4739: result: yes
configure:4745: checking for XInternAtom
configure:4745: gcc -o conftest -O2 -I/usr/include/gtk-3.0 -I/usr/include/glib-2.0 -I/usr/lib/glib-2.0/include/ -I/usr/include/pango-1.0 -I/usr/include/harfbuzz -I/usr/include/cairo -I/usr/include/gdk-pixbuf-2.0 -I/usr/include/atk-1.0   conftest.c  -lc -lpthread -lncurses -lX11 -lXext >&5
configure:4745: $? = 0
configure:4745: result: yes
configure:4752: checking for XSendEvent
configure:4752: gcc -o conftest -O2 -I/usr/include/gtk-3.0 -I/usr/include/glib-2.0 -I/usr/lib/glib-2.0/include/ -I/usr/include/pango-1.0 -I/usr/include/harfbuzz -I/usr/include/cairo -I/usr/include/gdk-pixbuf-2.0 -I/usr/include/atk-1.0   conftest.c  -lc -lpthread -lncurses -lX11 -lXext >&5
configure:4752: $? = 0
configure:4752: result: yes
configure:4758: checking for XClearArea
configure:4758: gcc -o conftest -O2 -I/usr/include/gtk-3.0 -I/usr/include/glib-2.0 -I/usr/lib/glib-2.0/include/ -I/usr/include/pango-1.0 -I/usr/include/harfbuzz -I/usr/include/cairo -I/usr/include/gdk-pixbuf-2.0 -I/usr/include/atk-1.0   conftest.c  -lc -lpthread -lncurses -lX11 -lXext >&5
configure:4758: $? = 0
configure:4758: result: yes
configure:4764: checking for XDrawText
configure:4764: gcc -o conftest -O2 -I/usr/include/gtk-3.0 -I/usr/include/glib-2.0 -I/usr/lib/glib-2.0/include/ -I/usr/include/pango-1.0 -I/usr/include/harfbuzz -I/usr/include/cairo -I/usr/include/gdk-pixbuf-2.0 -I/usr/include/atk-1.0   conftest.c  -lc -lpthread -lncurses -lX11 -lXext >&5
configure:4764: $? = 0
configure:4764: result: yes
configure:4770: checking for XUnmapWindow
configure:4770: gcc -o conftest -O2 -I/usr/include/gtk-3.0 -I/usr/include/glib-2.0 -I/usr/lib/glib-2.0/include/ -I/usr/include/pango-1.0 -I/usr/include/harfbuzz -I/usr/include/cairo -I/usr/include/gdk-pixbuf-2.0 -I/usr/include/atk-1.0   conftest.c  -lc -lpthread -lncurses -lX11 -lXext >&5
configure:4770: $? = 0
configure:4770: result: yes
configure:4776: checking for XDestroyWindow
configure:4776: gcc -o conftest -O2 -I/usr/include/gtk-3.0 -I/usr/include/glib-2.0 -I/usr/lib/glib-2.0/include/ -I/usr/include/pango-1.0 -I/usr/include/harfbuzz -I/usr/include/cairo -I/usr/include/gdk-pixbuf-2.0 -I/usr/include/atk-1.0   conftest.c  -lc -lpthread -lncurses -lX11 -lXext >&5
configure:4776: $? = 0
configure:4776: result: yes
configure:4810: checking wheter to use GTK
configure:4813: result: yes
configure:4818: checking for gtk-3.0/gtk/gtk.h
configure:4818: gcc -c -O2 -I/usr/include/gtk-3.0 -I/usr/include/glib-2.0 -I/usr/lib/glib-2.0/include/ -I/usr/include/pango-1.0 -I/usr/include/harfbuzz -I/usr/include/cairo -I/usr/include/gdk-pixbuf-2.0 -I/usr/include/atk-1.0  conftest.c >&5
configure:4818: $? = 0
configure:4818: result: yes
configure:4944: checking that generated files are newer than configure
configure:4950: result: done
configure:4981: creating ./config.status

## ---------------- ##
## Cache variables. ##
## ---------------- ##

ac_cv_c_compiler_gnu=yes
ac_cv_env_CC_set=
ac_cv_env_CC_value=
ac_cv_env_CFLAGS_set=
ac_cv_env_CFLAGS_value=
ac_cv_env_CPPFLAGS_set=
ac_cv_env_CPPFLAGS_value=
ac_cv_env_LDFLAGS_set=
ac_cv_env_LDFLAGS_value=
ac_cv_env_LIBS_set=
ac_cv_env_LIBS_value=
ac_cv_env_build_alias_set=
ac_cv_env_build_alias_value=
ac_cv_env_host_alias_set=
ac_cv_env_host_alias_value=
ac_cv_env_target_alias_set=
ac_cv_env_target_alias_value=
ac_cv_func_XClearArea=yes
ac_cv_func_XCreateGC=yes
ac_cv_func_XCreateWindow=yes
ac_cv_func_XDestroyWindow=yes
ac_cv_func_XDrawText=yes
ac_cv_func_XInternAtom=yes
ac_cv_func_XLoadQueryFont=yes
ac_cv_func_XMapWindow=yes
ac_cv_func_XNextEvent=yes
ac_cv_func_XOpenDisplay=yes
ac_cv_func_XPending=yes
ac_cv_func_XSendEvent=yes
ac_cv_func_XSetErrorHandler=yes
ac_cv_func_XSetWMHints=yes
ac_cv_func_XSetWMIconName=yes
ac_cv_func_XSetWMName=yes
ac_cv_func_XSetWMNormalHints=yes
ac_cv_func_XStringListToTextProperty=yes
ac_cv_func_XUnmapWindow=yes
ac_cv_func_assert=no
ac_cv_func_atoi=yes
ac_cv_func_endwin=yes
ac_cv_func_getch=yes
ac_cv_func_getopt_long=yes
ac_cv_func_gettimeofday=yes
ac_cv_func_gmtime=yes
ac_cv_func_initscr=yes
ac_cv_func_printw=yes
ac_cv_func_pthread_create=yes
ac_cv_func_refresh=yes
ac_cv_func_timeradd=no
ac_cv_func_timersub=no
ac_cv_func_usleep=yes
ac_cv_header_X11_Xatom_h=yes
ac_cv_header_X11_Xlib_h=yes
ac_cv_header_X11_Xutil_h=yes
ac_cv_header_assert_h=yes
ac_cv_header_gtk_3_0_gtk_gtk_h=yes
ac_cv_header_inttypes_h=yes
ac_cv_header_ncursesw_ncurses_h=yes
ac_cv_header_stdint_h=yes
ac_cv_header_stdio_h=yes
ac_cv_header_stdlib_h=yes
ac_cv_header_string_h=yes
ac_cv_header_strings_h=yes
ac_cv_header_sys_stat_h=yes
ac_cv_header_sys_time_h=yes
ac_cv_header_sys_types_h=yes
ac_cv_header_unistd_h=yes
ac_cv_objext=o
ac_cv_path_EGREP='/bin/grep -E'
ac_cv_path_GREP=/bin/grep
ac_cv_path_install='/usr/bin/install -c'
ac_cv_path_mkdir=/usr/bin/mkdir
ac_cv_prog_AWK=gawk
ac_cv_prog_ac_ct_CC=gcc
ac_cv_prog_cc_c11=
ac_cv_prog_cc_g=yes
ac_cv_prog_cc_stdc=
ac_cv_prog_make_make_set=yes
am_cv_CC_dependencies_compiler_type=gcc3
am_cv_make_support_nested_variables=yes
am_cv_prog_cc_c_o=yes

## ----------------- ##
## Output variables. ##
## ----------------- ##

ACLOCAL='${SHELL} '\''/home/bsfc/github/chrono-gtk/missing'\'' aclocal-1.16'
AMDEPBACKSLASH='\'
AMDEP_FALSE='#'
AMDEP_TRUE=''
AMTAR='$${TAR-tar}'
AM_BACKSLASH='\'
AM_DEFAULT_V='$(AM_DEFAULT_VERBOSITY)'
AM_DEFAULT_VERBOSITY='1'
AM_V='$(V)'
AUTOCONF='${SHELL} '\''/home/bsfc/github/chrono-gtk/missing'\'' autoconf'
AUTOHEADER='${SHELL} '\''/home/bsfc/github/chrono-gtk/missing'\'' autoheader'
AUTOMAKE='${SHELL} '\''/home/bsfc/github/chrono-gtk/missing'\'' automake-1.16'
AWK='gawk'
CC='gcc'
CCDEPMODE='depmode=gcc3'
CFLAGS='-O2 -I/usr/include/gtk-3.0 -I/usr/include/glib-2.0 -I/usr/lib/glib-2.0/include/ -I/usr/include/pango-1.0 -I/usr/include/harfbuzz -I/usr/include/cairo -I/usr/include/gdk-pixbuf-2.0 -I/usr/include/atk-1.0'
CPPFLAGS=''
CYGPATH_W='echo'
DEFS='-DHAVE_CONFIG_H'
DEPDIR='.deps'
ECHO_C=''
ECHO_N='-n'
ECHO_T=''
EGREP='/bin/grep -E'
EXEEXT=''
GREP='/bin/grep'
HAVE_NCURSES_FALSE='#'
HAVE_NCURSES_TRUE=''
HAVE_X11_FALSE='#'
HAVE_X11_TRUE=''
INSTALL_DATA='${INSTALL} -m 644'
INSTALL_PROGRAM='${INSTALL}'
INSTALL_SCRIPT='${INSTALL}'
INSTALL_STRIP_PROGRAM='$(install_sh) -c -s'
LDFLAGS=''
LIBOBJS=''
LIBS=' -lc -lpthread -lncurses -lX11 -lXext -lgtk-3 -lgobject-2.0 -lgdk-3 -lglib-2.0'
LTLIBOBJS=''
MAKEINFO='${SHELL} '\''/home/bsfc/github/chrono-gtk/missing'\'' makeinfo'
MKDIR_P='/usr/bin/mkdir -p'
OBJEXT='o'
PACKAGE='chrono'
PACKAGE_BUGREPORT='bsfc1685@gmail.com'
PACKAGE_NAME='chrono'
PACKAGE_STRING='chrono 0.3.0'
PACKAGE_TARNAME='chrono'
PACKAGE_URL=''
PACKAGE_VERSION='0.3.0'
PATH_SEPARATOR=':'
SET_MAKE=''
SHELL='/bin/sh'
STRIP=''
VERSION='0.3.0'
ac_ct_CC='gcc'
am__EXEEXT_FALSE=''
am__EXEEXT_TRUE='#'
am__fastdepCC_FALSE='#'
am__fastdepCC_TRUE=''
am__include='include'
am__isrc=''
am__leading_dot='.'
am__nodep='_no'
am__quote=''
am__tar='$${TAR-tar} chof - "$$tardir"'
am__untar='$${TAR-tar} xf -'
bindir='${exec_prefix}/bin'
build_alias=''
datadir='${datarootdir}'
datarootdir='${prefix}/share'
docdir='${datarootdir}/doc/${PACKAGE_TARNAME}'
dvidir='${docdir}'
exec_prefix='${prefix}'
host_alias=''
htmldir='${docdir}'
includedir='${prefix}/include'
infodir='${datarootdir}/info'
install_sh='${SHELL} /home/bsfc/github/chrono-gtk/install-sh'
libdir='${exec_prefix}/lib'
libexecdir='${exec_prefix}/libexec'
localedir='${datarootdir}/locale'
localstatedir='${prefix}/var'
mandir='${datarootdir}/man'
mkdir_p='$(MKDIR_P)'
oldincludedir='/usr/include'
pdfdir='${docdir}'
prefix='/opt'
program_transform_name='s,x,x,'
psdir='${docdir}'
runstatedir='${localstatedir}/run'
sbindir='${exec_prefix}/sbin'
sharedstatedir='${prefix}/com'
sysconfdir='${prefix}/etc'
target_alias=''

## ----------- ##
## confdefs.h. ##
## ----------- ##

/* confdefs.h */
#define PACKAGE_NAME "chrono"
#define PACKAGE_TARNAME "chrono"
#define PACKAGE_VERSION "0.3.0"
#define PACKAGE_STRING "chrono 0.3.0"
#define PACKAGE_BUGREPORT "bsfc1685@gmail.com"
#define PACKAGE_URL ""
#define PACKAGE "chrono"
#define VERSION "0.3.0"
#define HAVE_STDIO_H 1
#define HAVE_STDLIB_H 1
#define HAVE_STRING_H 1
#define HAVE_INTTYPES_H 1
#define HAVE_STDINT_H 1
#define HAVE_STRINGS_H 1
#define HAVE_SYS_STAT_H 1
#define HAVE_SYS_TYPES_H 1
#define HAVE_UNISTD_H 1
#define HAVE_SYS_TIME_H 1
#define STDC_HEADERS 1
#define TIME_WITH_SYS_TIME 1
#define HAVE_STDIO_H 1
#define HAVE_ATOI 1
#define HAVE_GETTIMEOFDAY 1
#define HAVE_GETOPT_LONG 1
#define HAVE_GMTIME 1
#define HAVE_PTHREAD_CREATE 1
#define HAVE_USLEEP 1
#define HAVE_NCURSESW_NCURSES_H 1
#define HAVE_GETCH 1
#define HAVE_INITSCR 1
#define HAVE_ENDWIN 1
#define HAVE_PRINTW 1
#define HAVE_REFRESH 1
#define HAVE_NCURSES 1
#define HAVE_X11_XLIB_H 1
#define HAVE_X11_XATOM_H 1
#define HAVE_X11_XUTIL_H 1
#define HAVE_XOPENDISPLAY 1
#define HAVE_XPENDING 1
#define HAVE_XNEXTEVENT 1
#define HAVE_XSETERRORHANDLER 1
#define HAVE_XCREATEWINDOW 1
#define HAVE_XSETWMNORMALHINTS 1
#define HAVE_XSETWMHINTS 1
#define HAVE_XSETWMNAME 1
#define HAVE_XSTRINGLISTTOTEXTPROPERTY 1
#define HAVE_XSETWMICONNAME 1
#define HAVE_XLOADQUERYFONT 1
#define HAVE_XCREATEGC 1
#define HAVE_XMAPWINDOW 1
#define HAVE_XINTERNATOM 1
#define HAVE_XSENDEVENT 1
#define HAVE_XCLEARAREA 1
#define HAVE_XDRAWTEXT 1
#define HAVE_XUNMAPWINDOW 1
#define HAVE_XDESTROYWINDOW 1
#define HAVE_X11 1
#define HAVE_GTK_3_0_GTK_GTK_H 1

configure: exit 0

## ---------------------- ##
## Running config.status. ##
## ---------------------- ##

This file was extended by chrono config.status 0.3.0, which was
generated by GNU Autoconf 2.71.  Invocation command line was

  CONFIG_FILES    = 
  CONFIG_HEADERS  = 
  CONFIG_LINKS    = 
  CONFIG_COMMANDS = 
  $ ./config.status 

on BSFC-LT04

config.status:890: creating Makefile
config.status:890: creating config.h
config.status:1071: config.h is unchanged
config.status:1119: executing depfiles commands
config.status:1196: cd .       && sed -e '/# am--include-marker/d' Makefile         | make -f - am--depfiles
make[1]: Entering directory '/home/bsfc/github/chrono-gtk'
make[1]: Nothing to be done for 'am--depfiles'.
make[1]: Leaving directory '/home/bsfc/github/chrono-gtk'
config.status:1201: $? = 0
